<?xml version="1.0" encoding="UTF-8"?>
<!-- Generated by org.testng.reporters.JUnitReportReporter -->
<testsuite hostname="DESKTOP-USC532Q" failures="0" tests="2" name="QKTraining.CalcilatorAPIDemo.AdditionTestCases" time="0.000" errors="0" timestamp="2021-05-18T12:11:45 IST" skipped="2">
  <testcase classname="QKTraining.CalcilatorAPIDemo.AdditionTestCases" name="TestAdditionWithPositiveNumbers" time="0.000">
    <skipped/>
  </testcase> <!-- TestAdditionWithPositiveNumbers -->
  <system-out/>
  <testcase classname="QKTraining.CalcilatorAPIDemo.AdditionTestCases" name="TestAdditionWithZeros" time="0.000">
    <skipped/>
  </testcase> <!-- TestAdditionWithZeros -->
  <system-out/>
</testsuite> <!-- QKTraining.CalcilatorAPIDemo.AdditionTestCases -->
