<?xml version="1.0" encoding="UTF-8"?>
<!-- Generated by org.testng.reporters.JUnitReportReporter -->
<testsuite hostname="DESKTOP-USC532Q" failures="0" tests="2" name="QKTraining.CalcilatorAPIDemo.TestingSubtractionTestCases" time="0.000" errors="0" timestamp="2021-05-18T12:11:45 IST" skipped="2">
  <testcase classname="QKTraining.CalcilatorAPIDemo.TestingSubtractionTestCases" name="TestSubtractionWithPositiveNumbers" time="0.000">
    <skipped/>
  </testcase> <!-- TestSubtractionWithPositiveNumbers -->
  <system-out/>
  <testcase classname="QKTraining.CalcilatorAPIDemo.TestingSubtractionTestCases" name="TestSubtractionWith1Positive1NegativeNumber" time="0.000">
    <skipped/>
  </testcase> <!-- TestSubtractionWith1Positive1NegativeNumber -->
  <system-out/>
</testsuite> <!-- QKTraining.CalcilatorAPIDemo.TestingSubtractionTestCases -->
