<?xml version="1.0" encoding="UTF-8"?>
<!-- Generated by org.testng.reporters.JUnitReportReporter -->
<testsuite hostname="DESKTOP-USC532Q" failures="0" tests="2" name="QKTraining.CalcilatorAPIDemo.TestingSubtractionTestCases" time="0.005" errors="0" timestamp="2021-05-18T13:01:39 IST" skipped="0">
  <testcase classname="QKTraining.CalcilatorAPIDemo.TestingSubtractionTestCases" name="TestSubtractionWithPositiveNumbers" time="0.003"/>
  <system-out/>
  <testcase classname="QKTraining.CalcilatorAPIDemo.TestingSubtractionTestCases" name="TestSubtractionWith1Positive1NegativeNumber" time="0.002"/>
  <system-out/>
</testsuite> <!-- QKTraining.CalcilatorAPIDemo.TestingSubtractionTestCases -->
