<?xml version="1.0" encoding="UTF-8"?>
<!-- Generated by org.testng.reporters.JUnitReportReporter -->
<testsuite hostname="DESKTOP-USC532Q" failures="0" tests="2" name="QKTraining.CalcilatorAPIDemo.AdditionTestCases" time="0.015" errors="0" timestamp="2021-05-18T13:01:39 IST" skipped="0">
  <testcase classname="QKTraining.CalcilatorAPIDemo.AdditionTestCases" name="TestAdditionWithPositiveNumbers" time="0.012"/>
  <system-out/>
  <testcase classname="QKTraining.CalcilatorAPIDemo.AdditionTestCases" name="TestAdditionWithZeros" time="0.003"/>
  <system-out/>
</testsuite> <!-- QKTraining.CalcilatorAPIDemo.AdditionTestCases -->
