<?xml version="1.0" encoding="UTF-8"?>
<!-- Generated by org.testng.reporters.JUnitReportReporter -->
<testsuite hostname="DESKTOP-USC532Q" failures="0" tests="3" name="QKTraining.CalcilatorAPIDemo.AdditionTestCases" time="0.064" errors="0" timestamp="2021-05-15T10:03:40 IST" skipped="0">
  <testcase classname="QKTraining.CalcilatorAPIDemo.AdditionTestCases" name="TestAdditionWithPositiveNumbers" time="0.015"/>
  <system-out/>
  <testcase classname="QKTraining.CalcilatorAPIDemo.AdditionTestCases" name="TestAdditionWithZeros" time="0.031"/>
  <system-out/>
  <testcase classname="QKTraining.CalcilatorAPIDemo.AdditionTestCases" name="TestAdditionWithOnePositiveOneNegative" time="0.018"/>
  <system-out/>
</testsuite> <!-- QKTraining.CalcilatorAPIDemo.AdditionTestCases -->
