<?xml version="1.0" encoding="UTF-8"?>
<!-- Generated by org.testng.reporters.JUnitReportReporter -->
<testsuite hostname="DESKTOP-USC532Q" failures="0" tests="2" name="QKTraining.CalcilatorAPIDemo.AdditionTestCases" time="0.016" errors="0" timestamp="2021-05-17T11:37:29 IST" skipped="0">
  <testcase classname="QKTraining.CalcilatorAPIDemo.AdditionTestCases" name="TestAdditionWithPositiveNumbers" time="0.014"/>
  <system-out/>
  <testcase classname="QKTraining.CalcilatorAPIDemo.AdditionTestCases" name="TestAdditionWithZeros" time="0.002"/>
  <system-out/>
</testsuite> <!-- QKTraining.CalcilatorAPIDemo.AdditionTestCases -->
