<?xml version="1.0" encoding="UTF-8"?>
<!-- Generated by org.testng.reporters.JUnitReportReporter -->
<testsuite hostname="DESKTOP-USC532Q" failures="0" tests="3" name="QKTraining.CalcilatorAPIDemo.AdditionTestCases" time="0.022" errors="0" timestamp="2021-05-17T11:13:12 IST" skipped="0">
  <testcase classname="QKTraining.CalcilatorAPIDemo.AdditionTestCases" name="TestAdditionWithPositiveNumbers" time="0.016"/>
  <system-out/>
  <testcase classname="QKTraining.CalcilatorAPIDemo.AdditionTestCases" name="TestAdditionWithZeros" time="0.002"/>
  <system-out/>
  <testcase classname="QKTraining.CalcilatorAPIDemo.AdditionTestCases" name="TestAdditionWithOnePositiveOneNegative" time="0.004"/>
  <system-out/>
</testsuite> <!-- QKTraining.CalcilatorAPIDemo.AdditionTestCases -->
