<?xml version="1.0" encoding="UTF-8"?>
<!-- Generated by org.testng.reporters.JUnitReportReporter -->
<testsuite hostname="DESKTOP-USC532Q" failures="0" tests="4" name="QKTraining.CalcilatorAPIDemo.TestMultiplication" time="0.020" errors="0" timestamp="2021-05-18T13:01:39 IST" skipped="0">
  <testcase classname="QKTraining.CalcilatorAPIDemo.TestMultiplication" name="TestMultiplicationWithPositiveValues" time="0.003"/>
  <system-out/>
  <testcase classname="QKTraining.CalcilatorAPIDemo.TestMultiplication" name="TestMultiplicationWithPositiveValues" time="0.003"/>
  <system-out/>
  <testcase classname="QKTraining.CalcilatorAPIDemo.TestMultiplication" name="TestMultiplicationWithPositiveValues" time="0.008"/>
  <system-out/>
  <testcase classname="QKTraining.CalcilatorAPIDemo.TestMultiplication" name="TestMultiplicationWithPositiveValues" time="0.006"/>
  <system-out/>
</testsuite> <!-- QKTraining.CalcilatorAPIDemo.TestMultiplication -->
